[2025-09-30 14:29:31] User: 10, IP: ::1, Action: reservation_created, Details: New reservation by: steve for honda civic
[2025-09-30 14:38:24] User: 10, IP: ::1, Action: reservation_created, Details: New reservation by: steve for honda civic
[2025-09-30 14:49:30] User: 10, IP: ::1, Action: reservation_created, Details: New reservation by: steve for honda civic
[2025-10-03 08:51:48] User: 3, IP: ::1, Action: reservation_created, Details: New reservation by: asd for sda sad
[2025-10-03 08:52:23] User: 3, IP: ::1, Action: reservation_created, Details: New reservation by: asd for sda sad
[2025-10-03 08:52:30] User: 3, IP: ::1, Action: reservation_created, Details: New reservation by: asd for sda sad
[2025-10-03 08:52:30] User: 3, IP: ::1, Action: reservation_created, Details: New reservation by: asd for sda sad
[2025-10-04 14:04:22] User: 4, IP: ::1, Action: reservation_created, Details: New reservation by: asd for dsa sadsdsad
[2025-10-08 12:04:27] User: 2, IP: ::1, Action: reservation_created, Details: New reservation by: Johnlloyd Buenaflor for Honda Civic
[2025-10-09 20:06:22] User: 2, IP: ::1, Action: reservation_created, Details: New reservation by: Johnlloyd Buenaflor for Honda Civic
[2025-10-09 20:06:42] User: 2, IP: ::1, Action: payment_submitted, Details: Payment submitted for reservation #10
[2025-10-09 21:26:02] User: 2, IP: ::1, Action: payment_submitted, Details: Payment submitted for reservation #11
[2025-10-09 21:26:29] User: 2, IP: ::1, Action: payment_submitted, Details: Payment submitted for reservation #11
[2025-10-09 21:28:40] User: 2, IP: ::1, Action: payment_submitted, Details: Payment submitted for reservation #11
[2025-10-09 21:28:41] User: 2, IP: ::1, Action: payment_submitted, Details: Payment submitted for reservation #11
[2025-10-10 12:13:57] User: 2, IP: ::1, Action: payment_submitted, Details: Payment submitted for reservation #14
[2025-10-10 12:41:09] User: 2, IP: ::1, Action: payment_submitted, Details: Payment submitted for reservation #19
[2025-10-10 12:46:26] User: 2, IP: ::1, Action: payment_submitted, Details: Payment submitted for reservation #20
[2025-10-10 12:46:55] User: 2, IP: ::1, Action: payment_submitted, Details: Payment submitted for reservation #21
[2025-10-10 13:05:48] User: 2, IP: ::1, Action: payment_submitted, Details: Payment submitted for reservation #21
[2025-10-11 12:52:12] User: 1, IP: ::1, Action: payment_submitted, Details: Payment submitted for reservation #22
[2025-10-11 16:12:54] User: 5, IP: ::1, Action: payment_submitted, Details: Payment submitted for reservation #23
